[Wed, 01 May 2024 16:28:50 GMT]  GET /api/v1/actors 200  51 3.165 ms
[Wed, 01 May 2024 17:28:12 GMT]  GET /api/v1/actors 200  51 5.410 ms
[Wed, 01 May 2024 17:49:16 GMT]  GET /api/v1/actors 200  13 22.362 ms
[Wed, 01 May 2024 17:51:56 GMT]  GET /api/v1/actors 200  13 21.689 ms
[Wed, 01 May 2024 17:51:57 GMT]  GET /api/v1/actors 200  13 3.051 ms
[Wed, 01 May 2024 17:51:58 GMT]  GET /api/v1/actors 200  13 4.516 ms
[Wed, 01 May 2024 17:52:23 GMT]  GET /api/v1/actors 204  - 16.668 ms
[Wed, 01 May 2024 17:52:46 GMT]  GET /api/v1/actors 204  - 15.178 ms
[Wed, 01 May 2024 18:46:02 GMT]  POST /api/v1/auth/login 200  341 125.705 ms
[Wed, 01 May 2024 18:54:05 GMT]  GET /api/v1/actors 204  - 44.869 ms
[Wed, 01 May 2024 18:54:21 GMT]  POST /api/v1/auth/login 200  341 144.820 ms
[Wed, 01 May 2024 18:55:33 GMT]  GET /api/v1/actors 204  - 6.873 ms
[Wed, 01 May 2024 19:05:14 GMT]  POST /api/v1/actors 500  1357 3.213 ms
[Wed, 01 May 2024 19:06:06 GMT]  POST /api/v1/actors 500  1324 10.213 ms
[Wed, 01 May 2024 19:06:35 GMT]  POST /api/v1/actors 500  1324 3.003 ms
[Wed, 01 May 2024 19:08:09 GMT]  POST /api/v1/actors 500  1324 8.520 ms
[Wed, 01 May 2024 19:09:10 GMT]  POST /api/v1/actors 201  160 98.023 ms
[Wed, 01 May 2024 19:09:46 GMT]  GET /api/v1/actors 204  - 4.640 ms
[Wed, 01 May 2024 19:09:52 GMT]  GET /api/v1/actors 204  - 5.091 ms
[Wed, 01 May 2024 19:09:58 GMT]  POST /api/v1/actors 201  160 10.187 ms
[Wed, 01 May 2024 19:10:55 GMT]  GET /api/v1/actors 204  - 10.827 ms
[Wed, 01 May 2024 19:12:42 GMT]  POST /api/v1/actors 201  160 99.515 ms
[Wed, 01 May 2024 19:12:47 GMT]  GET /api/v1/actors 200  144 5.466 ms
[Wed, 01 May 2024 19:14:13 GMT]  GET /api/v1/actors 200  176 28.369 ms
[Thu, 02 May 2024 09:31:08 GMT]  POST /api/v1/forgot 404  25 3.039 ms
[Thu, 02 May 2024 09:31:25 GMT]  POST /api/v1/auth/forgot 400  29 1.037 ms
[Thu, 02 May 2024 09:32:45 GMT]  POST /api/v1/auth/forgot 404  26 61.330 ms
[Thu, 02 May 2024 09:33:18 GMT]  POST /api/v1/auth/forgot 200  154 112.406 ms
[Thu, 02 May 2024 09:33:37 GMT]  GET /api/v1//reset/663204e63b34fe1123b00261/e98ffdb49859117ab45e9a4c54dd04daff79a31f6420229ce8fb05016875bb59 404  25 2.213 ms
[Thu, 02 May 2024 09:35:20 GMT]  POST /api/v1/auth/reset/123/1434 200  29 1.078 ms
[Thu, 02 May 2024 09:36:32 GMT]  POST /api/v1/auth/reset/663204e63b34fe1123b00261/e98ffdb49859117ab45e9a4c54dd04daff79a31f6420229ce8fb05016875bb59 200  110 0.479 ms
[Thu, 02 May 2024 16:27:15 GMT]  POST /api/v1/auth/forgot 200  134 144.554 ms
[Thu, 02 May 2024 16:27:53 GMT]  POST /api/v1/auth/forgot 200  209 113.837 ms
[Thu, 02 May 2024 16:28:45 GMT]  POST /api/v1/auth/reset/663204e63b34fe1123b00261?token=cc58cc2db3e076ec7d0d5a78dc88c781b7a0919ef9b87b9adfbd26eaa08c3e85 403  42 14.980 ms
[Thu, 02 May 2024 16:29:37 GMT]  POST /api/v1/auth/reset/663204e63b34fe1123b00261?token=cc58cc2db3e076ec7d0d5a78dc88c781b7a0919ef9b87b9adfbd26eaa08c3e85 403  42 8.509 ms
[Thu, 02 May 2024 16:30:14 GMT]  POST /api/v1/auth/reset/663204e63b34fe1123b00261?token=cc58cc2db3e076ec7d0d5a78dc88c781b7a0919ef9b87b9adfbd26eaa08c3e85 200  157 148.916 ms
[Thu, 02 May 2024 16:30:25 GMT]  POST /api/v1/auth/login 403  40 102.049 ms
[Thu, 02 May 2024 16:30:31 GMT]  POST /api/v1/auth/login 200  341 88.594 ms
[Thu, 02 May 2024 19:01:37 GMT]  POST /api/v1/auth/login 200  341 112.315 ms
[Thu, 02 May 2024 19:01:47 GMT]  POST /api/v1/auth/forgot 200  209 307.243 ms
[Thu, 02 May 2024 19:01:52 GMT]  POST /api/v1/auth/reset/663204e63b34fe1123b00261?token=cc58cc2db3e076ec7d0d5a78dc88c781b7a0919ef9b87b9adfbd26eaa08c3e85 200  157 150.059 ms
[Thu, 02 May 2024 19:01:54 GMT]  POST /api/v1/auth/reset/663204e63b34fe1123b00261?token=cc58cc2db3e076ec7d0d5a78dc88c781b7a0919ef9b87b9adfbd26eaa08c3e85 401  47 4.762 ms
[Thu, 02 May 2024 19:02:00 GMT]  POST /api/v1/auth/reset/663204e63b34fe1123b00261?token=cc58cc2db3e076ec7d0d5a78dc88c781b7a0919ef9b87b9adfbd26eaa08c3e85 401  47 8.295 ms
[Thu, 02 May 2024 19:02:02 GMT]  POST /api/v1/auth/reset/663204e63b34fe1123b00261?token=cc58cc2db3e076ec7d0d5a78dc88c781b7a0919ef9b87b9adfbd26eaa08c3e85 401  47 5.589 ms
[Thu, 02 May 2024 19:02:04 GMT]  POST /api/v1/auth/reset/663204e63b34fe1123b00261?token=cc58cc2db3e076ec7d0d5a78dc88c781b7a0919ef9b87b9adfbd26eaa08c3e85 401  47 4.323 ms
[Thu, 02 May 2024 19:02:05 GMT]  POST /api/v1/auth/reset/663204e63b34fe1123b00261?token=cc58cc2db3e076ec7d0d5a78dc88c781b7a0919ef9b87b9adfbd26eaa08c3e85 401  47 10.832 ms
[Thu, 02 May 2024 19:02:21 GMT]  GET /api/v1/actors 200  176 624.430 ms
[Thu, 02 May 2024 19:02:23 GMT]  GET /api/v1/actors 200  176 2.349 ms
[Thu, 02 May 2024 19:04:07 GMT]  GET /api/v1/actors 200  176 30.650 ms
[Thu, 02 May 2024 19:05:11 GMT]  GET /api/v1/actors 200  194 15.740 ms
[Thu, 02 May 2024 19:06:30 GMT]  POST /api/v1/actors 500  1276 196.700 ms
[Thu, 02 May 2024 19:07:25 GMT]  POST /api/v1/auth/login 200  341 236.760 ms
[Thu, 02 May 2024 19:07:53 GMT]  POST /api/v1/actors 201  217 3013.868 ms
[Thu, 02 May 2024 19:08:09 GMT]  GET /api/v1/actors 200  383 4.076 ms
[Thu, 02 May 2024 19:10:57 GMT]  GET /api/v1/actors 200  383 26.196 ms
[Thu, 02 May 2024 19:13:37 GMT]  GET /api/v1/actors 200  383 110.196 ms
[Thu, 02 May 2024 19:13:37 GMT]  GET /api/v1/actors 200  383 141.652 ms
[Thu, 02 May 2024 19:18:19 GMT]  GET /api/v1/actors/6632942adcfe1ad378b6c7fd 200  173 112.010 ms
[Thu, 02 May 2024 20:31:32 GMT]  POST /api/v1/auth/register 201  188 388.929 ms
[Thu, 02 May 2024 20:42:34 GMT]  POST /api/v1/auth/verify/6633f824a878675b02407ee4?token=6633f824a878675b02407ee4 403  46 74.552 ms
[Thu, 02 May 2024 20:42:34 GMT]  POST /api/v1/auth/verify/6633f824a878675b02407ee4?token=6633f824a878675b02407ee4 403  46 158.592 ms
[Thu, 02 May 2024 20:44:00 GMT]  POST /api/v1/auth/verify/6633f824a878675b02407ee4?token=6633f824a878675b02407ee4 -  - - ms
[Thu, 02 May 2024 20:47:25 GMT]  GET /api/v1/users/6633f824a878675b02407ee4 200  159 99.357 ms
[Thu, 02 May 2024 20:47:26 GMT]  GET /api/v1/users/6633f824a878675b02407ee4 200  159 8.810 ms
[Thu, 02 May 2024 21:56:04 GMT]  POST /api/v1/auth/register 201  200 441.598 ms
[Thu, 02 May 2024 22:01:27 GMT]  POST /api/v1/auth/register 201  205 396.566 ms
[Thu, 02 May 2024 22:03:12 GMT]  POST /api/v1/auth/register 201  189 627.646 ms
[Thu, 02 May 2024 22:08:09 GMT]  POST /api/v1/auth/register 201  189 297.871 ms
[Thu, 02 May 2024 22:11:55 GMT]  POST /api/v1/auth/register 201  189 456.575 ms
[Fri, 03 May 2024 08:44:59 GMT]  POST /api/v1/auth/register 409  55 131.643 ms
[Fri, 03 May 2024 08:45:05 GMT]  POST /api/v1/auth/register 500  624 188.770 ms
[Fri, 03 May 2024 08:45:23 GMT]  POST /api/v1/auth/register 201  192 1664.575 ms
[Fri, 03 May 2024 08:46:39 GMT]  POST /api/v1/auth/register 201  203 1664.396 ms
[Fri, 03 May 2024 09:23:11 GMT]  POST /api/v1/auth/register 201  203 311.147 ms
[Fri, 03 May 2024 09:25:14 GMT]  POST /api/v1/auth/register 201  203 3085.941 ms
[Thu, 09 May 2024 14:10:14 GMT]  GET /api/v1/ 200  46 12.455 ms
[Thu, 09 May 2024 14:16:09 GMT]  GET /api/v1/status 200  15 4.137 ms
[Sun, 12 May 2024 23:22:55 GMT]  POST /api/v1/auth/register 201  203 1820.338 ms
[Sun, 12 May 2024 23:35:34 GMT]  POST /api/v1/auth/register 201  203 256.794 ms
[Sun, 12 May 2024 23:37:58 GMT]  POST /api/v1/auth/register 201  203 229.635 ms
[Sun, 12 May 2024 23:42:16 GMT]  POST /api/v1/auth/register 409  61 98.068 ms
[Sun, 12 May 2024 23:42:32 GMT]  POST /api/v1/auth/register 201  203 1469.844 ms
[Sun, 12 May 2024 23:46:28 GMT]  POST /api/v1/auth/register 201  203 1664.757 ms
[Sun, 12 May 2024 23:51:03 GMT]  POST /api/v1/auth/register 201  203 1526.012 ms
[Mon, 13 May 2024 00:06:32 GMT]  POST /api/v1/auth/register 201  203 1505.672 ms
[Mon, 13 May 2024 00:08:09 GMT]  POST /api/v1/auth/register 201  203 1526.667 ms
[Mon, 13 May 2024 00:15:24 GMT]  POST /api/v1/auth/register 500  328 195.348 ms
[Mon, 13 May 2024 00:15:56 GMT]  POST /api/v1/auth/register 409  61 97.796 ms
[Mon, 13 May 2024 00:16:12 GMT]  POST /api/v1/auth/register 201  203 1466.440 ms
[Mon, 13 May 2024 00:18:54 GMT]  POST /api/v1/auth/verify/66415bcb858d9825da6f27fa?token=342d20fde8c4ab07a4912e22b9a2c4c2c519e1f5282141b625770d475893ae33 -  - - ms
[Mon, 13 May 2024 00:21:36 GMT]  POST /api/v1/auth/verify/66415bcb858d9825da6f27fa?token=342d20fde8c4ab07a4912e22b9a2c4c2c519e1f5282141b625770d475893ae33 403  46 37.695 ms
[Mon, 13 May 2024 00:26:14 GMT]  POST /api/v1/auth/register 201  203 1809.194 ms
[Mon, 13 May 2024 00:26:38 GMT]  GET /api/v1//auth/verify?token=4747f09d5069851518debe8570a79287d9cd666bf5e1ddcb7f24183ac58f17a9 404  25 0.715 ms
[Mon, 13 May 2024 00:30:49 GMT]  POST /api/v1/auth/register 500  326 138.430 ms
[Mon, 13 May 2024 00:31:56 GMT]  POST /api/v1/auth/register 201  203 6646.949 ms
[Mon, 13 May 2024 00:32:25 GMT]  GET /api/v1//auth/verify/66415f750494b82aa61bab68/?token=da38ee7f0cc3ea669b2e0dce6f2022864cc591f49d2d381403c4e8dd86755014 404  25 0.748 ms
[Mon, 13 May 2024 00:34:27 GMT]  POST /api/v1/auth/register 201  203 1831.651 ms
[Mon, 13 May 2024 00:34:55 GMT]  GET /api/v1//auth/verify/664160114529c4278693ad9a?token=4e05bada990e657b19cfe95dc1349172fd865c31608fd20b7c306e58b46c08bb 404  25 1.316 ms
[Mon, 13 May 2024 00:35:13 GMT]  GET /api/v1//auth/verify/664160114529c4278693ad9a?token=4e05bada990e657b19cfe95dc1349172fd865c31608fd20b7c306e58b46c08bb 404  25 1.344 ms
[Mon, 13 May 2024 00:35:27 GMT]  GET /api/v1//auth/verify/66416011452c4278693ad9a?token=4e05bada990e657b19cfe95dc1349172fd865c31608fd20b7c306e58b46c08bb 404  25 1.846 ms
[Mon, 13 May 2024 00:38:26 GMT]  POST /api/v1/auth/register 201  203 1855.081 ms
[Mon, 13 May 2024 00:39:44 GMT]  GET /api/v1/auth/verify/66416100f0a5ca41846d731c?token=6ad2bfec3351f6a6a9076b5da4fa45c5bd25f65d035954b0e64b9840f518810a 403  46 4.845 ms
[Mon, 13 May 2024 00:40:08 GMT]  GET /api/v1/auth/verify/66416100f0a5ca41846d731c?token=6ad2bfec3351f6a6a9076b5da4fa45c5bd25f65d035954b0e64b9840f518810a -  - - ms
[Mon, 13 May 2024 16:32:41 GMT]  POST /api/v1/auth/register 201  203 2125.669 ms
[Mon, 13 May 2024 16:40:43 GMT]  POST /api/v1/auth/register 201  203 2186.460 ms
[Mon, 13 May 2024 16:41:56 GMT]  GET /api/v1/auth/verify/66424289ce5ed2bb628a02f8?token=2c373a04f1e03f224c57104e912328b7558f8ba1061d8cff6082873d46c40f79 403  46 5.708 ms
[Mon, 13 May 2024 16:42:29 GMT]  GET /api/v1/auth/verify/66424289ce5ed2bb628a02f8?token=2c373a04f1e03f224c57104e912328b7558f8ba1061d8cff6082873d46c40f79 -  - - ms
[Mon, 13 May 2024 16:42:45 GMT]  POST /api/v1/auth/register 201  203 2094.178 ms
[Mon, 13 May 2024 16:44:45 GMT]  GET /api/v1/auth/verify/66424303ce5ed2bb628a0303?token=f75719fe39ed0323f43b373c85913eb6ed9468c3e12e621e9008c9c703563bd4 -  - - ms
[Tue, 14 May 2024 15:50:43 GMT]  POST /api/v1/auth/register 201  203 2744.669 ms
[Tue, 14 May 2024 15:54:54 GMT]  GET /api/v1/auth/verify/6643885076d7cd8b05548b4d?token=00c746fff58b7d424e71727cbd562d1d6d94da9bdb46f298d69400508682f317 403  46 135.475 ms
[Tue, 14 May 2024 15:55:14 GMT]  POST /api/v1/auth/register 409  61 185.843 ms
[Tue, 14 May 2024 15:55:30 GMT]  POST /api/v1/auth/register 201  203 2690.121 ms
[Tue, 14 May 2024 15:59:15 GMT]  GET /api/v1/auth/verify/6643896f76d7cd8b05548b59?token=41fa2e1ece2426f648de63ce222e5400f52c77750cceb56196c8b1f2f61e9e20 403  46 239.991 ms
[Tue, 14 May 2024 15:59:51 GMT]  POST /api/v1/auth/register 201  203 1963.436 ms
[Tue, 14 May 2024 16:02:03 GMT]  POST /api/v1/auth/register -  - - ms
[Tue, 14 May 2024 16:02:58 GMT]  POST /api/v1/auth/register -  - - ms
[Tue, 14 May 2024 16:03:10 GMT]  POST /api/v1/auth/register 409  61 481.035 ms
[Tue, 14 May 2024 16:05:46 GMT]  POST /api/v1/auth/register 201  203 2806.047 ms
[Tue, 14 May 2024 16:11:17 GMT]  POST /api/v1/auth/register 201  203 839.079 ms
[Tue, 14 May 2024 16:11:38 GMT]  POST /api/v1/auth/register 201  203 2483.524 ms
[Tue, 14 May 2024 16:11:51 GMT]  GET /api/v1/auth/verify/66438d37e574539862cd2d6a?token=4ea7b89ad82924bc5608c14be546d41225c976b76ab94a77998e8d7708d2a768 200  49 327.320 ms
[Tue, 14 May 2024 16:11:53 GMT]  GET /api/v1/auth/verify/66438d37e574539862cd2d6a?token=4ea7b89ad82924bc5608c14be546d41225c976b76ab94a77998e8d7708d2a768 403  46 21.794 ms
[Tue, 14 May 2024 16:12:11 GMT]  GET /api/v1/auth/verify/66438bd7a5e26dbb595b9296?token=ecdccbe4a90aa2058b5f9ffabb7e9fc84766e04030ffc42d30a4cb1acb204cb9 403  46 109.090 ms
[Tue, 14 May 2024 16:12:45 GMT]  POST /api/v1/auth/register 201  203 2193.688 ms
[Tue, 14 May 2024 16:13:01 GMT]  GET /api/v1/auth/verify/66438d7be574539862cd2d77?token=08f0e6249335ea77003099f85be9d110c35ce31ffadc9ae7d29d85e5044cafc2 200  49 338.865 ms
[Tue, 14 May 2024 16:13:24 GMT]  GET /api/v1/auth/verify/66438d7be574539862cd2d77?token=08f0e6249335ea77003099f85be9d110c35ce31ffadc9ae7d29d85e5044cafc2 403  46 69.001 ms
[Tue, 14 May 2024 16:21:09 GMT]  POST /api/v1/auth/register 201  203 1287.353 ms
[Tue, 14 May 2024 16:21:22 GMT]  POST /api/v1/auth/register 201  203 820.919 ms
[Tue, 14 May 2024 16:22:18 GMT]  POST /api/v1/auth/register 201  203 1885.648 ms
[Tue, 14 May 2024 16:22:33 GMT]  GET /api/v1/auth/verify/66438fb845259a88befb3d13?token=b28cb62f3bc6f5a627678b47f21b2bc92fa2dd8e9814b4e865db608ce390a939 200  49 2001.553 ms
[Tue, 14 May 2024 17:11:24 GMT]  POST /api/v1/auth/forgot 200  119 2380.417 ms
[Tue, 14 May 2024 17:11:24 GMT]  POST /api/v1/auth/forgot 200  119 2779.779 ms
[Tue, 14 May 2024 17:22:44 GMT]  POST /api/v1/auth/forgot 200  119 2955.114 ms
[Tue, 14 May 2024 17:29:29 GMT]  POST /api/v1/auth/reset/66438fb845259a88befb3d13?token=d42c11c110c2b4c0 404  25 39.314 ms
[Tue, 14 May 2024 17:30:44 GMT]  POST /api/v1/auth/reset/66438fb845259a88befb3d13?token=d42c11c110c2b4c0 200  181 2702.598 ms
[Tue, 14 May 2024 17:31:48 GMT]  POST /api/v1/auth/reset/66438fb845259a88befb3d13?token=d42c11c110c2b4c0 401  47 254.201 ms
[Tue, 14 May 2024 17:32:15 GMT]  POST /api/v1/auth/login 200  363 366.802 ms
